<?xml version="1.0" encoding="UTF-8"?>
<!-- Generated by org.testng.reporters.JUnitXMLReporter -->
<testsuite ignored="1" hostname="Apurvs-MacBook-Pro.local" failures="0" tests="3" name="Test" time="44.821" errors="0" timestamp="2020-12-14T16:08:47 IST">
  <testcase classname="Wahoo.WahooFitnessTest.RemoveViewEditCartTest" name="removeItem" time="2.449"/>
  <testcase classname="Wahoo.WahooFitnessTest.RemoveViewEditCartTest" name="viewAndEditCart" time="34.865"/>
  <testcase classname="Wahoo.WahooFitnessTest.CheckoutTest" name="placeOrder" time="7.466"/>
  <testcase classname="Wahoo.WahooFitnessTest.CheckoutTest" name="enterBillingInfo" time="0.0">
    <ignored/>
  </testcase> <!-- enterBillingInfo -->
</testsuite> <!-- Test -->
